<?xml version="1.0" encoding="UTF-8" standalone="yes"?><!DOCTYPE report PUBLIC "-//JACOCO//DTD Report 1.1//EN" "report.dtd"><report name="untitled"><sessioninfo id="ROGOZHIN-HP-6cb05954" start="1700513094053" dump="1700513095631"/><sessioninfo id="ROGOZHIN-HP-1d927190" start="1700513221493" dump="1700513223418"/><sessioninfo id="ROGOZHIN-HP-ade7fe29" start="1700514188949" dump="1700514190569"/><sessioninfo id="ROGOZHIN-HP-8629fd6d" start="1700514256178" dump="1700514257816"/><sessioninfo id="ROGOZHIN-HP-3e708b2a" start="1700514398971" dump="1700514400849"/><sessioninfo id="ROGOZHIN-HP-bf67afa3" start="1700514785431" dump="1700514787146"/><sessioninfo id="ROGOZHIN-HP-d773a521" start="1700515269018" dump="1700515270711"/><sessioninfo id="ROGOZHIN-HP-efe03593" start="1700515484465" dump="1700515486189"/><sessioninfo id="ROGOZHIN-HP-bdeb35ba" start="1700516058825" dump="1700516060524"/><sessioninfo id="ROGOZHIN-HP-6ebf8cff" start="1700516260774" dump="1700516262585"/><sessioninfo id="ROGOZHIN-HP-1e851b80" start="1700516750742" dump="1700516752436"/><sessioninfo id="ROGOZHIN-HP-f7fd7c66" start="1700516872438" dump="1700516874060"/><sessioninfo id="ROGOZHIN-HP-32f59b84" start="1700516999202" dump="1700517000887"/><sessioninfo id="ROGOZHIN-HP-7bf0b441" start="1700517029339" dump="1700517031087"/><sessioninfo id="ROGOZHIN-HP-811258be" start="1700517277461" dump="1700517279144"/><sessioninfo id="ROGOZHIN-HP-b45374" start="1700517358434" dump="1700517360050"/><sessioninfo id="ROGOZHIN-HP-3d657715" start="1700517477480" dump="1700517479218"/><sessioninfo id="ROGOZHIN-HP-7a099bd8" start="1700517521772" dump="1700517523486"/><sessioninfo id="ROGOZHIN-HP-6239e3b5" start="1700517551464" dump="1700517553149"/><sessioninfo id="ROGOZHIN-HP-4ed2c06d" start="1700517611278" dump="1700517613007"/><sessioninfo id="ROGOZHIN-HP-ab025c04" start="1700517671000" dump="1700517672680"/><sessioninfo id="ROGOZHIN-HP-5bee4230" start="1700517783862" dump="1700517785496"/><sessioninfo id="ROGOZHIN-HP-72bec4e7" start="1700518580240" dump="1700518581885"/><sessioninfo id="ROGOZHIN-HP-1d5a2bb" start="1700518688319" dump="1700518689957"/><sessioninfo id="ROGOZHIN-HP-3f199ef7" start="1700518737319" dump="1700518739238"/><sessioninfo id="ROGOZHIN-HP-9fa6b0c6" start="1700519209735" dump="1700519211432"/><sessioninfo id="ROGOZHIN-HP-ef51633" start="1700519369647" dump="1700519371384"/><sessioninfo id="ROGOZHIN-HP-e5d8bbbf" start="1700519428790" dump="1700519430530"/><sessioninfo id="ROGOZHIN-HP-20f048d4" start="1700519572458" dump="1700519574169"/><sessioninfo id="ROGOZHIN-HP-96529f69" start="1700519742073" dump="1700519743806"/><sessioninfo id="ROGOZHIN-HP-d17c3e03" start="1700520072971" dump="1700520074646"/><sessioninfo id="ROGOZHIN-HP-a01b6609" start="1700520197489" dump="1700520199207"/><sessioninfo id="ROGOZHIN-HP-eb8d8e25" start="1700520393569" dump="1700520395286"/><sessioninfo id="ROGOZHIN-HP-9edf35b" start="1700520521151" dump="1700520522803"/><sessioninfo id="ROGOZHIN-HP-51542172" start="1700520690280" dump="1700520692012"/><sessioninfo id="ROGOZHIN-HP-d7c80404" start="1700520741831" dump="1700520743501"/><sessioninfo id="ROGOZHIN-HP-8cf2e20a" start="1700592237514" dump="1700592239351"/><sessioninfo id="ROGOZHIN-HP-5d39d125" start="1700592694156" dump="1700592695809"/><sessioninfo id="ROGOZHIN-HP-f9a43ba1" start="1700594994937" dump="1700594996629"/><sessioninfo id="ROGOZHIN-HP-7fac91b3" start="1700595261548" dump="1700595263251"/><sessioninfo id="ROGOZHIN-HP-7962c0a1" start="1700595645806" dump="1700595647493"/><sessioninfo id="ROGOZHIN-HP-508155a3" start="1700595780985" dump="1700595782664"/><sessioninfo id="ROGOZHIN-HP-e5edb307" start="1700596070666" dump="1700596072362"/><sessioninfo id="ROGOZHIN-HP-54818162" start="1700596445725" dump="1700596447360"/><sessioninfo id="ROGOZHIN-HP-3c069aac" start="1700596627760" dump="1700596629489"/><package name="com/example"><class name="com/example/Feline" sourcefilename="Feline.java"><method name="&lt;init&gt;" desc="()V" line="5"><counter type="INSTRUCTION" missed="0" covered="3"/><counter type="LINE" missed="0" covered="1"/><counter type="COMPLEXITY" missed="0" covered="1"/><counter type="METHOD" missed="0" covered="1"/></method><method name="eatMeat" desc="()Ljava/util/List;" line="12"><counter type="INSTRUCTION" missed="0" covered="4"/><counter type="LINE" missed="0" covered="1"/><counter type="COMPLEXITY" missed="0" covered="1"/><counter type="METHOD" missed="0" covered="1"/></method><method name="getFamily" desc="()Ljava/lang/String;" line="17"><counter type="INSTRUCTION" missed="0" covered="2"/><counter type="LINE" missed="0" covered="1"/><counter type="COMPLEXITY" missed="0" covered="1"/><counter type="METHOD" missed="0" covered="1"/></method><method name="getKittens" desc="()I" line="23"><counter type="INSTRUCTION" missed="0" covered="4"/><counter type="LINE" missed="0" covered="1"/><counter type="COMPLEXITY" missed="0" covered="1"/><counter type="METHOD" missed="0" covered="1"/></method><method name="getKittens" desc="(I)I" line="27"><counter type="INSTRUCTION" missed="0" covered="2"/><counter type="LINE" missed="0" covered="1"/><counter type="COMPLEXITY" missed="0" covered="1"/><counter type="METHOD" missed="0" covered="1"/></method><counter type="INSTRUCTION" missed="0" covered="15"/><counter type="LINE" missed="0" covered="5"/><counter type="COMPLEXITY" missed="0" covered="5"/><counter type="METHOD" missed="0" covered="5"/><counter type="CLASS" missed="0" covered="1"/></class><class name="com/example/Animal" sourcefilename="Animal.java"><method name="&lt;init&gt;" desc="()V" line="5"><counter type="INSTRUCTION" missed="0" covered="3"/><counter type="LINE" missed="0" covered="1"/><counter type="COMPLEXITY" missed="0" covered="1"/><counter type="METHOD" missed="0" covered="1"/></method><method name="getFood" desc="(Ljava/lang/String;)Ljava/util/List;" line="14"><counter type="INSTRUCTION" missed="9" covered="13"/><counter type="BRANCH" missed="2" covered="2"/><counter type="LINE" missed="2" covered="3"/><counter type="COMPLEXITY" missed="2" covered="1"/><counter type="METHOD" missed="0" covered="1"/></method><method name="getFamily" desc="()Ljava/lang/String;" line="24"><counter type="INSTRUCTION" missed="2" covered="0"/><counter type="LINE" missed="1" covered="0"/><counter type="COMPLEXITY" missed="1" covered="0"/><counter type="METHOD" missed="1" covered="0"/></method><counter type="INSTRUCTION" missed="11" covered="16"/><counter type="BRANCH" missed="2" covered="2"/><counter type="LINE" missed="3" covered="4"/><counter type="COMPLEXITY" missed="3" covered="2"/><counter type="METHOD" missed="1" covered="2"/><counter type="CLASS" missed="0" covered="1"/></class><class name="com/example/Lion" sourcefilename="Lion.java"><method name="&lt;init&gt;" desc="(Ljava/lang/String;Lcom/example/Feline;)V" line="10"><counter type="INSTRUCTION" missed="0" covered="27"/><counter type="BRANCH" missed="0" covered="4"/><counter type="LINE" missed="0" covered="8"/><counter type="COMPLEXITY" missed="0" covered="3"/><counter type="METHOD" missed="0" covered="1"/></method><method name="getKittens" desc="()I" line="23"><counter type="INSTRUCTION" missed="0" covered="4"/><counter type="LINE" missed="0" covered="1"/><counter type="COMPLEXITY" missed="0" covered="1"/><counter type="METHOD" missed="0" covered="1"/></method><method name="doesHaveMane" desc="()Z" line="27"><counter type="INSTRUCTION" missed="0" covered="3"/><counter type="LINE" missed="0" covered="1"/><counter type="COMPLEXITY" missed="0" covered="1"/><counter type="METHOD" missed="0" covered="1"/></method><method name="getFood" desc="()Ljava/util/List;" line="31"><counter type="INSTRUCTION" missed="0" covered="5"/><counter type="LINE" missed="0" covered="1"/><counter type="COMPLEXITY" missed="0" covered="1"/><counter type="METHOD" missed="0" covered="1"/></method><counter type="INSTRUCTION" missed="0" covered="39"/><counter type="BRANCH" missed="0" covered="4"/><counter type="LINE" missed="0" covered="11"/><counter type="COMPLEXITY" missed="0" covered="6"/><counter type="METHOD" missed="0" covered="4"/><counter type="CLASS" missed="0" covered="1"/></class><class name="com/example/Predator" sourcefilename="Predator.java"/><class name="com/example/Cat" sourcefilename="Cat.java"><method name="&lt;init&gt;" desc="(Lcom/example/Feline;)V" line="9"><counter type="INSTRUCTION" missed="0" covered="6"/><counter type="LINE" missed="0" covered="3"/><counter type="COMPLEXITY" missed="0" covered="1"/><counter type="METHOD" missed="0" covered="1"/></method><method name="getSound" desc="()Ljava/lang/String;" line="14"><counter type="INSTRUCTION" missed="0" covered="2"/><counter type="LINE" missed="0" covered="1"/><counter type="COMPLEXITY" missed="0" covered="1"/><counter type="METHOD" missed="0" covered="1"/></method><method name="getFood" desc="()Ljava/util/List;" line="18"><counter type="INSTRUCTION" missed="0" covered="4"/><counter type="LINE" missed="0" covered="1"/><counter type="COMPLEXITY" missed="0" covered="1"/><counter type="METHOD" missed="0" covered="1"/></method><counter type="INSTRUCTION" missed="0" covered="12"/><counter type="LINE" missed="0" covered="5"/><counter type="COMPLEXITY" missed="0" covered="3"/><counter type="METHOD" missed="0" covered="3"/><counter type="CLASS" missed="0" covered="1"/></class><sourcefile name="Lion.java"><line nr="10" mi="0" ci="2" mb="0" cb="0"/><line nr="11" mi="0" ci="4" mb="0" cb="2"/><line nr="12" mi="0" ci="4" mb="0" cb="0"/><line nr="13" mi="0" ci="4" mb="0" cb="2"/><line nr="14" mi="0" ci="4" mb="0" cb="0"/><line nr="16" mi="0" ci="5" mb="0" cb="0"/><line nr="19" mi="0" ci="3" mb="0" cb="0"/><line nr="20" mi="0" ci="1" mb="0" cb="0"/><line nr="23" mi="0" ci="4" mb="0" cb="0"/><line nr="27" mi="0" ci="3" mb="0" cb="0"/><line nr="31" mi="0" ci="5" mb="0" cb="0"/><counter type="INSTRUCTION" missed="0" covered="39"/><counter type="BRANCH" missed="0" covered="4"/><counter type="LINE" missed="0" covered="11"/><counter type="COMPLEXITY" missed="0" covered="6"/><counter type="METHOD" missed="0" covered="4"/><counter type="CLASS" missed="0" covered="1"/></sourcefile><sourcefile name="Predator.java"/><sourcefile name="Animal.java"><line nr="5" mi="0" ci="3" mb="0" cb="0"/><line nr="14" mi="0" ci="4" mb="1" cb="1"/><line nr="15" mi="4" ci="0" mb="0" cb="0"/><line nr="16" mi="0" ci="4" mb="1" cb="1"/><line nr="17" mi="0" ci="5" mb="0" cb="0"/><line nr="19" mi="5" ci="0" mb="0" cb="0"/><line nr="24" mi="2" ci="0" mb="0" cb="0"/><counter type="INSTRUCTION" missed="11" covered="16"/><counter type="BRANCH" missed="2" covered="2"/><counter type="LINE" missed="3" covered="4"/><counter type="COMPLEXITY" missed="3" covered="2"/><counter type="METHOD" missed="1" covered="2"/><counter type="CLASS" missed="0" covered="1"/></sourcefile><sourcefile name="Feline.java"><line nr="5" mi="0" ci="3" mb="0" cb="0"/><line nr="12" mi="0" ci="4" mb="0" cb="0"/><line nr="17" mi="0" ci="2" mb="0" cb="0"/><line nr="23" mi="0" ci="4" mb="0" cb="0"/><line nr="27" mi="0" ci="2" mb="0" cb="0"/><counter type="INSTRUCTION" missed="0" covered="15"/><counter type="LINE" missed="0" covered="5"/><counter type="COMPLEXITY" missed="0" covered="5"/><counter type="METHOD" missed="0" covered="5"/><counter type="CLASS" missed="0" covered="1"/></sourcefile><sourcefile name="Cat.java"><line nr="9" mi="0" ci="2" mb="0" cb="0"/><line nr="10" mi="0" ci="3" mb="0" cb="0"/><line nr="11" mi="0" ci="1" mb="0" cb="0"/><line nr="14" mi="0" ci="2" mb="0" cb="0"/><line nr="18" mi="0" ci="4" mb="0" cb="0"/><counter type="INSTRUCTION" missed="0" covered="12"/><counter type="LINE" missed="0" covered="5"/><counter type="COMPLEXITY" missed="0" covered="3"/><counter type="METHOD" missed="0" covered="3"/><counter type="CLASS" missed="0" covered="1"/></sourcefile><counter type="INSTRUCTION" missed="11" covered="82"/><counter type="BRANCH" missed="2" covered="6"/><counter type="LINE" missed="3" covered="25"/><counter type="COMPLEXITY" missed="3" covered="16"/><counter type="METHOD" missed="1" covered="14"/><counter type="CLASS" missed="0" covered="4"/></package><counter type="INSTRUCTION" missed="11" covered="82"/><counter type="BRANCH" missed="2" covered="6"/><counter type="LINE" missed="3" covered="25"/><counter type="COMPLEXITY" missed="3" covered="16"/><counter type="METHOD" missed="1" covered="14"/><counter type="CLASS" missed="0" covered="4"/></report>